nohup: ignoring input
Traceback (most recent call last):
  File "/usr/lib/python3.10/runpy.py", line 196, in _run_module_as_main
    return _run_code(code, main_globals, None,
  File "/usr/lib/python3.10/runpy.py", line 86, in _run_code
    exec(code, run_globals)
  File "/home/grisal/github/jsindy/exp/run_exp/esindy.py", line 103, in <module>
    big_experiment(exp_folder="esindy_results")
  File "/home/grisal/github/jsindy/exp/run_exp/esindy.py", line 89, in big_experiment
    mets = noise_dt_exp(noise,dt,save_path)
  File "/home/grisal/github/jsindy/exp/run_exp/esindy.py", line 48, in noise_dt_exp
    model.fit(
  File "/home/grisal/github/jsindy/.venv/lib/python3.10/site-packages/pysindy/pysindy.py", line 353, in fit
    x, x_dot = self._process_trajectories(x, t, x_dot)
  File "/home/grisal/github/jsindy/.venv/lib/python3.10/site-packages/pysindy/pysindy.py", line 561, in _process_trajectories
    *[
  File "/home/grisal/github/jsindy/.venv/lib/python3.10/site-packages/pysindy/pysindy.py", line 562, in <listcomp>
    self.feature_library.calc_trajectory(
  File "/home/grisal/github/jsindy/.venv/lib/python3.10/site-packages/pysindy/feature_library/base.py", line 67, in calc_trajectory
    x_dot = diff_method(x, t=t)
  File "/home/grisal/github/jsindy/.venv/lib/python3.10/site-packages/pysindy/differentiation/base.py", line 53, in __call__
    return self._differentiate(x, t)
  File "/home/grisal/github/jsindy/.venv/lib/python3.10/site-packages/pysindy/differentiation/smoothed_finite_difference.py", line 66, in _differentiate
    x_dot = super(SmoothedFiniteDifference, self)._differentiate(x_smooth, t)
  File "/home/grisal/github/jsindy/.venv/lib/python3.10/site-packages/pysindy/differentiation/finite_difference.py", line 269, in _differentiate
    coeffs = self._coefficients(t)
  File "/home/grisal/github/jsindy/.venv/lib/python3.10/site-packages/pysindy/differentiation/finite_difference.py", line 112, in _coefficients
    return np.linalg.solve(matrices, b)
  File "/home/grisal/github/jsindy/.venv/lib/python3.10/site-packages/pysindy/utils/axes.py", line 420, in __array_function__
    return HANDLED_FUNCTIONS[func](*args, **kwargs)
  File "/home/grisal/github/jsindy/.venv/lib/python3.10/site-packages/pysindy/utils/axes.py", line 631, in linalg_solve
    result = np.linalg.solve(np.asarray(a), np.asarray(b))
  File "/home/grisal/github/jsindy/.venv/lib/python3.10/site-packages/numpy/linalg/_linalg.py", line 410, in solve
    r = gufunc(a, b, signature=signature)
ValueError: solve: Input operand 1 has a mismatch in its core dimension 0, with gufunc signature (m,m),(m,n)->(m,n) (size 1 is different from 3)

script ran:
-----------
nohup python -u -m exp.run_exp.esindy &> esindy_results.out &